{"/Users/eddie/Desktop/projects/node-homework/app.js": {"path":"/Users/eddie/Desktop/projects/node-homework/app.js","statementMap":{"0":{"start":{"line":1,"column":0},"end":{"line":1,"column":27}},"1":{"start":{"line":3,"column":16},"end":{"line":3,"column":34}},"2":{"start":{"line":4,"column":19},"end":{"line":4,"column":49}},"3":{"start":{"line":5,"column":19},"end":{"line":5,"column":49}},"4":{"start":{"line":6,"column":24},"end":{"line":6,"column":59}},"5":{"start":{"line":7,"column":15},"end":{"line":7,"column":37}},"6":{"start":{"line":8,"column":21},"end":{"line":8,"column":45}},"7":{"start":{"line":10,"column":12},"end":{"line":10,"column":21}},"8":{"start":{"line":12,"column":0},"end":{"line":12,"column":26}},"9":{"start":{"line":13,"column":15},"end":{"line":13,"column":32}},"10":{"start":{"line":14,"column":16},"end":{"line":14,"column":48}},"11":{"start":{"line":15,"column":20},"end":{"line":15,"column":49}},"12":{"start":{"line":17,"column":0},"end":{"line":22,"column":2}},"13":{"start":{"line":23,"column":0},"end":{"line":23,"column":18}},"14":{"start":{"line":25,"column":0},"end":{"line":25,"column":24}},"15":{"start":{"line":26,"column":0},"end":{"line":26,"column":24}},"16":{"start":{"line":27,"column":0},"end":{"line":27,"column":15}},"17":{"start":{"line":29,"column":0},"end":{"line":40,"column":3}},"18":{"start":{"line":30,"column":2},"end":{"line":39,"column":3}},"19":{"start":{"line":31,"column":4},"end":{"line":31,"column":37}},"20":{"start":{"line":32,"column":4},"end":{"line":32,"column":48}},"21":{"start":{"line":34,"column":4},"end":{"line":38,"column":7}},"22":{"start":{"line":42,"column":0},"end":{"line":42,"column":29}},"23":{"start":{"line":44,"column":0},"end":{"line":44,"column":34}},"24":{"start":{"line":45,"column":0},"end":{"line":45,"column":43}},"25":{"start":{"line":47,"column":17},"end":{"line":47,"column":50}},"26":{"start":{"line":48,"column":0},"end":{"line":48,"column":18}},"27":{"start":{"line":50,"column":21},"end":{"line":50,"column":58}},"28":{"start":{"line":51,"column":0},"end":{"line":51,"column":22}},"29":{"start":{"line":53,"column":13},"end":{"line":53,"column":37}},"30":{"start":{"line":55,"column":15},"end":{"line":57,"column":2}},"31":{"start":{"line":56,"column":2},"end":{"line":56,"column":53}},"32":{"start":{"line":59,"column":0},"end":{"line":66,"column":3}},"33":{"start":{"line":60,"column":2},"end":{"line":64,"column":3}},"34":{"start":{"line":61,"column":4},"end":{"line":61,"column":53}},"35":{"start":{"line":63,"column":4},"end":{"line":63,"column":40}},"36":{"start":{"line":65,"column":2},"end":{"line":65,"column":18}},"37":{"start":{"line":68,"column":21},"end":{"line":68,"column":26}},"38":{"start":{"line":71,"column":2},"end":{"line":71,"column":29}},"39":{"start":{"line":71,"column":22},"end":{"line":71,"column":29}},"40":{"start":{"line":72,"column":2},"end":{"line":72,"column":24}},"41":{"start":{"line":74,"column":2},"end":{"line":74,"column":45}},"42":{"start":{"line":76,"column":2},"end":{"line":91,"column":3}},"43":{"start":{"line":77,"column":4},"end":{"line":82,"column":7}},"44":{"start":{"line":78,"column":6},"end":{"line":81,"column":9}},"45":{"start":{"line":79,"column":8},"end":{"line":80,"column":23}},"46":{"start":{"line":79,"column":17},"end":{"line":79,"column":29}},"47":{"start":{"line":80,"column":13},"end":{"line":80,"column":23}},"48":{"start":{"line":83,"column":4},"end":{"line":83,"column":39}},"49":{"start":{"line":84,"column":4},"end":{"line":84,"column":31}},"50":{"start":{"line":85,"column":4},"end":{"line":85,"column":39}},"51":{"start":{"line":87,"column":4},"end":{"line":87,"column":49}},"52":{"start":{"line":88,"column":4},"end":{"line":88,"column":13}},"53":{"start":{"line":90,"column":4},"end":{"line":90,"column":23}},"54":{"start":{"line":94,"column":0},"end":{"line":94,"column":40}},"55":{"start":{"line":94,"column":27},"end":{"line":94,"column":38}},"56":{"start":{"line":95,"column":0},"end":{"line":95,"column":41}},"57":{"start":{"line":95,"column":28},"end":{"line":95,"column":39}},"58":{"start":{"line":97,"column":0},"end":{"line":97,"column":33}}},"fnMap":{"0":{"name":"(anonymous_0)","decl":{"start":{"line":29,"column":19},"end":{"line":29,"column":20}},"loc":{"start":{"line":29,"column":39},"end":{"line":40,"column":1}},"line":29},"1":{"name":"(anonymous_1)","decl":{"start":{"line":55,"column":32},"end":{"line":55,"column":33}},"loc":{"start":{"line":55,"column":38},"end":{"line":57,"column":1}},"line":55},"2":{"name":"(anonymous_2)","decl":{"start":{"line":59,"column":19},"end":{"line":59,"column":20}},"loc":{"start":{"line":59,"column":28},"end":{"line":66,"column":1}},"line":59},"3":{"name":"shutdown","decl":{"start":{"line":70,"column":15},"end":{"line":70,"column":23}},"loc":{"start":{"line":70,"column":34},"end":{"line":92,"column":1}},"line":70},"4":{"name":"(anonymous_4)","decl":{"start":{"line":77,"column":22},"end":{"line":77,"column":23}},"loc":{"start":{"line":77,"column":43},"end":{"line":82,"column":5}},"line":77},"5":{"name":"(anonymous_5)","decl":{"start":{"line":78,"column":19},"end":{"line":78,"column":20}},"loc":{"start":{"line":78,"column":28},"end":{"line":81,"column":7}},"line":78},"6":{"name":"(anonymous_6)","decl":{"start":{"line":94,"column":21},"end":{"line":94,"column":22}},"loc":{"start":{"line":94,"column":27},"end":{"line":94,"column":38}},"line":94},"7":{"name":"(anonymous_7)","decl":{"start":{"line":95,"column":22},"end":{"line":95,"column":23}},"loc":{"start":{"line":95,"column":28},"end":{"line":95,"column":39}},"line":95}},"branchMap":{"0":{"loc":{"start":{"line":53,"column":13},"end":{"line":53,"column":37}},"type":"binary-expr","locations":[{"start":{"line":53,"column":13},"end":{"line":53,"column":29}},{"start":{"line":53,"column":33},"end":{"line":53,"column":37}}],"line":53},"1":{"loc":{"start":{"line":60,"column":2},"end":{"line":64,"column":3}},"type":"if","locations":[{"start":{"line":60,"column":2},"end":{"line":64,"column":3}},{"start":{"line":62,"column":9},"end":{"line":64,"column":3}}],"line":60},"2":{"loc":{"start":{"line":70,"column":24},"end":{"line":70,"column":32}},"type":"default-arg","locations":[{"start":{"line":70,"column":31},"end":{"line":70,"column":32}}],"line":70},"3":{"loc":{"start":{"line":71,"column":2},"end":{"line":71,"column":29}},"type":"if","locations":[{"start":{"line":71,"column":2},"end":{"line":71,"column":29}},{"start":{},"end":{}}],"line":71},"4":{"loc":{"start":{"line":79,"column":8},"end":{"line":80,"column":23}},"type":"if","locations":[{"start":{"line":79,"column":8},"end":{"line":80,"column":23}},{"start":{"line":80,"column":13},"end":{"line":80,"column":23}}],"line":79}},"s":{"0":1,"1":1,"2":1,"3":1,"4":1,"5":1,"6":1,"7":1,"8":1,"9":1,"10":1,"11":1,"12":1,"13":1,"14":1,"15":1,"16":1,"17":1,"18":0,"19":0,"20":0,"21":0,"22":1,"23":1,"24":1,"25":1,"26":1,"27":1,"28":1,"29":1,"30":1,"31":1,"32":1,"33":0,"34":0,"35":0,"36":0,"37":1,"38":0,"39":0,"40":0,"41":0,"42":0,"43":0,"44":0,"45":0,"46":0,"47":0,"48":0,"49":0,"50":0,"51":0,"52":0,"53":0,"54":1,"55":0,"56":1,"57":0,"58":1},"f":{"0":0,"1":1,"2":0,"3":0,"4":0,"5":0,"6":0,"7":0},"b":{"0":[1,1],"1":[0,0],"2":[0],"3":[0,0],"4":[0,0]},"_coverageSchema":"1a1c01bbd47fc00a2c39e90264f33305004495a9","hash":"2fe5aeaa0d86d312e74ba7fc2c5d4169a312cf03"}
,"/Users/eddie/Desktop/projects/node-homework/controllers/analyticsController.js": {"path":"/Users/eddie/Desktop/projects/node-homework/controllers/analyticsController.js","statementMap":{"0":{"start":{"line":1,"column":15},"end":{"line":1,"column":38}},"1":{"start":{"line":4,"column":17},"end":{"line":4,"column":40}},"2":{"start":{"line":6,"column":2},"end":{"line":8,"column":3}},"3":{"start":{"line":7,"column":4},"end":{"line":7,"column":62}},"4":{"start":{"line":10,"column":15},"end":{"line":29,"column":4}},"5":{"start":{"line":31,"column":2},"end":{"line":33,"column":3}},"6":{"start":{"line":32,"column":4},"end":{"line":32,"column":63}},"7":{"start":{"line":35,"column":20},"end":{"line":41,"column":4}},"8":{"start":{"line":43,"column":22},"end":{"line":60,"column":4}},"9":{"start":{"line":62,"column":21},"end":{"line":62,"column":31}},"10":{"start":{"line":63,"column":2},"end":{"line":63,"column":47}},"11":{"start":{"line":65,"column":25},"end":{"line":74,"column":4}},"12":{"start":{"line":76,"column":2},"end":{"line":80,"column":5}},"13":{"start":{"line":84,"column":2},"end":{"line":144,"column":3}},"14":{"start":{"line":85,"column":17},"end":{"line":85,"column":46}},"15":{"start":{"line":86,"column":18},"end":{"line":86,"column":49}},"16":{"start":{"line":88,"column":4},"end":{"line":92,"column":5}},"17":{"start":{"line":89,"column":6},"end":{"line":91,"column":9}},"18":{"start":{"line":94,"column":17},"end":{"line":94,"column":35}},"19":{"start":{"line":96,"column":21},"end":{"line":112,"column":6}},"20":{"start":{"line":114,"column":18},"end":{"line":121,"column":7}},"21":{"start":{"line":114,"column":42},"end":{"line":121,"column":5}},"22":{"start":{"line":123,"column":23},"end":{"line":123,"column":48}},"23":{"start":{"line":125,"column":23},"end":{"line":132,"column":5}},"24":{"start":{"line":134,"column":4},"end":{"line":137,"column":7}},"25":{"start":{"line":139,"column":4},"end":{"line":139,"column":25}},"26":{"start":{"line":141,"column":4},"end":{"line":143,"column":7}},"27":{"start":{"line":148,"column":22},"end":{"line":148,"column":33}},"28":{"start":{"line":150,"column":2},"end":{"line":154,"column":3}},"29":{"start":{"line":151,"column":4},"end":{"line":153,"column":7}},"30":{"start":{"line":156,"column":16},"end":{"line":156,"column":47}},"31":{"start":{"line":158,"column":24},"end":{"line":158,"column":42}},"32":{"start":{"line":159,"column":21},"end":{"line":159,"column":32}},"33":{"start":{"line":160,"column":21},"end":{"line":160,"column":38}},"34":{"start":{"line":162,"column":18},"end":{"line":186,"column":3}},"35":{"start":{"line":188,"column":2},"end":{"line":192,"column":5}},"36":{"start":{"line":195,"column":0},"end":{"line":199,"column":2}}},"fnMap":{"0":{"name":"getUserAnalytics","decl":{"start":{"line":3,"column":15},"end":{"line":3,"column":31}},"loc":{"start":{"line":3,"column":42},"end":{"line":81,"column":1}},"line":3},"1":{"name":"getUsersWithStats","decl":{"start":{"line":83,"column":15},"end":{"line":83,"column":32}},"loc":{"start":{"line":83,"column":43},"end":{"line":145,"column":1}},"line":83},"2":{"name":"(anonymous_2)","decl":{"start":{"line":114,"column":31},"end":{"line":114,"column":32}},"loc":{"start":{"line":114,"column":42},"end":{"line":121,"column":5}},"line":114},"3":{"name":"searchTasks","decl":{"start":{"line":147,"column":15},"end":{"line":147,"column":26}},"loc":{"start":{"line":147,"column":37},"end":{"line":193,"column":1}},"line":147}},"branchMap":{"0":{"loc":{"start":{"line":6,"column":2},"end":{"line":8,"column":3}},"type":"if","locations":[{"start":{"line":6,"column":2},"end":{"line":8,"column":3}},{"start":{},"end":{}}],"line":6},"1":{"loc":{"start":{"line":31,"column":2},"end":{"line":33,"column":3}},"type":"if","locations":[{"start":{"line":31,"column":2},"end":{"line":33,"column":3}},{"start":{},"end":{}}],"line":31},"2":{"loc":{"start":{"line":85,"column":17},"end":{"line":85,"column":46}},"type":"binary-expr","locations":[{"start":{"line":85,"column":17},"end":{"line":85,"column":41}},{"start":{"line":85,"column":45},"end":{"line":85,"column":46}}],"line":85},"3":{"loc":{"start":{"line":86,"column":18},"end":{"line":86,"column":49}},"type":"binary-expr","locations":[{"start":{"line":86,"column":18},"end":{"line":86,"column":43}},{"start":{"line":86,"column":47},"end":{"line":86,"column":49}}],"line":86},"4":{"loc":{"start":{"line":88,"column":4},"end":{"line":92,"column":5}},"type":"if","locations":[{"start":{"line":88,"column":4},"end":{"line":92,"column":5}},{"start":{},"end":{}}],"line":88},"5":{"loc":{"start":{"line":88,"column":8},"end":{"line":88,"column":44}},"type":"binary-expr","locations":[{"start":{"line":88,"column":8},"end":{"line":88,"column":16}},{"start":{"line":88,"column":20},"end":{"line":88,"column":29}},{"start":{"line":88,"column":33},"end":{"line":88,"column":44}}],"line":88},"6":{"loc":{"start":{"line":150,"column":2},"end":{"line":154,"column":3}},"type":"if","locations":[{"start":{"line":150,"column":2},"end":{"line":154,"column":3}},{"start":{},"end":{}}],"line":150},"7":{"loc":{"start":{"line":150,"column":6},"end":{"line":150,"column":51}},"type":"binary-expr","locations":[{"start":{"line":150,"column":6},"end":{"line":150,"column":18}},{"start":{"line":150,"column":22},"end":{"line":150,"column":51}}],"line":150},"8":{"loc":{"start":{"line":156,"column":16},"end":{"line":156,"column":47}},"type":"binary-expr","locations":[{"start":{"line":156,"column":16},"end":{"line":156,"column":41}},{"start":{"line":156,"column":45},"end":{"line":156,"column":47}}],"line":156}},"s":{"0":1,"1":0,"2":0,"3":0,"4":0,"5":0,"6":0,"7":0,"8":0,"9":0,"10":0,"11":0,"12":0,"13":0,"14":0,"15":0,"16":0,"17":0,"18":0,"19":0,"20":0,"21":0,"22":0,"23":0,"24":0,"25":0,"26":0,"27":0,"28":0,"29":0,"30":0,"31":0,"32":0,"33":0,"34":0,"35":0,"36":1},"f":{"0":0,"1":0,"2":0,"3":0},"b":{"0":[0,0],"1":[0,0],"2":[0,0],"3":[0,0],"4":[0,0],"5":[0,0,0],"6":[0,0],"7":[0,0],"8":[0,0]},"_coverageSchema":"1a1c01bbd47fc00a2c39e90264f33305004495a9","hash":"c774ac4702cfccca93135426295f3353a75a2248"}
,"/Users/eddie/Desktop/projects/node-homework/controllers/taskController.js": {"path":"/Users/eddie/Desktop/projects/node-homework/controllers/taskController.js","statementMap":{"0":{"start":{"line":1,"column":40},"end":{"line":1,"column":75}},"1":{"start":{"line":2,"column":15},"end":{"line":2,"column":38}},"2":{"start":{"line":5,"column":2},"end":{"line":5,"column":31}},"3":{"start":{"line":5,"column":17},"end":{"line":5,"column":31}},"4":{"start":{"line":7,"column":27},"end":{"line":9,"column":4}},"5":{"start":{"line":11,"column":2},"end":{"line":16,"column":3}},"6":{"start":{"line":12,"column":4},"end":{"line":15,"column":7}},"7":{"start":{"line":18,"column":2},"end":{"line":35,"column":3}},"8":{"start":{"line":19,"column":17},"end":{"line":30,"column":6}},"9":{"start":{"line":32,"column":4},"end":{"line":32,"column":38}},"10":{"start":{"line":34,"column":4},"end":{"line":34,"column":21}},"11":{"start":{"line":39,"column":15},"end":{"line":39,"column":44}},"12":{"start":{"line":40,"column":16},"end":{"line":40,"column":47}},"13":{"start":{"line":42,"column":2},"end":{"line":46,"column":3}},"14":{"start":{"line":43,"column":4},"end":{"line":45,"column":7}},"15":{"start":{"line":48,"column":15},"end":{"line":48,"column":33}},"16":{"start":{"line":50,"column":17},"end":{"line":50,"column":33}},"17":{"start":{"line":51,"column":24},"end":{"line":51,"column":47}},"18":{"start":{"line":53,"column":22},"end":{"line":55,"column":3}},"19":{"start":{"line":57,"column":19},"end":{"line":57,"column":28}},"20":{"start":{"line":59,"column":2},"end":{"line":64,"column":3}},"21":{"start":{"line":60,"column":4},"end":{"line":63,"column":6}},"22":{"start":{"line":66,"column":23},"end":{"line":66,"column":32}},"23":{"start":{"line":67,"column":26},"end":{"line":67,"column":51}},"24":{"start":{"line":69,"column":2},"end":{"line":71,"column":3}},"25":{"start":{"line":70,"column":4},"end":{"line":70,"column":36}},"26":{"start":{"line":73,"column":26},"end":{"line":73,"column":35}},"27":{"start":{"line":75,"column":2},"end":{"line":77,"column":3}},"28":{"start":{"line":76,"column":4},"end":{"line":76,"column":53}},"29":{"start":{"line":79,"column":33},"end":{"line":79,"column":42}},"30":{"start":{"line":81,"column":2},"end":{"line":91,"column":3}},"31":{"start":{"line":82,"column":4},"end":{"line":82,"column":31}},"32":{"start":{"line":84,"column":4},"end":{"line":86,"column":5}},"33":{"start":{"line":85,"column":6},"end":{"line":85,"column":53}},"34":{"start":{"line":88,"column":4},"end":{"line":90,"column":5}},"35":{"start":{"line":89,"column":6},"end":{"line":89,"column":53}},"36":{"start":{"line":94,"column":28},"end":{"line":94,"column":62}},"37":{"start":{"line":95,"column":32},"end":{"line":95,"column":47}},"38":{"start":{"line":97,"column":4},"end":{"line":99,"column":5}},"39":{"start":{"line":98,"column":6},"end":{"line":98,"column":27}},"40":{"start":{"line":101,"column":4},"end":{"line":103,"column":5}},"41":{"start":{"line":102,"column":6},"end":{"line":102,"column":29}},"42":{"start":{"line":105,"column":4},"end":{"line":107,"column":6}},"43":{"start":{"line":110,"column":16},"end":{"line":128,"column":4}},"44":{"start":{"line":130,"column":21},"end":{"line":132,"column":4}},"45":{"start":{"line":134,"column":2},"end":{"line":136,"column":3}},"46":{"start":{"line":135,"column":4},"end":{"line":135,"column":34}},"47":{"start":{"line":138,"column":21},"end":{"line":145,"column":3}},"48":{"start":{"line":147,"column":2},"end":{"line":150,"column":5}},"49":{"start":{"line":154,"column":17},"end":{"line":154,"column":41}},"50":{"start":{"line":156,"column":2},"end":{"line":160,"column":3}},"51":{"start":{"line":157,"column":4},"end":{"line":159,"column":7}},"52":{"start":{"line":162,"column":2},"end":{"line":198,"column":3}},"53":{"start":{"line":163,"column":17},"end":{"line":181,"column":6}},"54":{"start":{"line":183,"column":4},"end":{"line":187,"column":5}},"55":{"start":{"line":184,"column":6},"end":{"line":186,"column":9}},"56":{"start":{"line":189,"column":4},"end":{"line":189,"column":38}},"57":{"start":{"line":191,"column":4},"end":{"line":195,"column":5}},"58":{"start":{"line":192,"column":6},"end":{"line":194,"column":9}},"59":{"start":{"line":197,"column":4},"end":{"line":197,"column":21}},"60":{"start":{"line":202,"column":2},"end":{"line":202,"column":31}},"61":{"start":{"line":202,"column":17},"end":{"line":202,"column":31}},"62":{"start":{"line":204,"column":27},"end":{"line":206,"column":4}},"63":{"start":{"line":208,"column":2},"end":{"line":212,"column":3}},"64":{"start":{"line":209,"column":4},"end":{"line":211,"column":7}},"65":{"start":{"line":214,"column":13},"end":{"line":214,"column":41}},"66":{"start":{"line":216,"column":2},"end":{"line":220,"column":3}},"67":{"start":{"line":217,"column":4},"end":{"line":219,"column":7}},"68":{"start":{"line":222,"column":2},"end":{"line":248,"column":3}},"69":{"start":{"line":223,"column":17},"end":{"line":237,"column":6}},"70":{"start":{"line":239,"column":4},"end":{"line":239,"column":38}},"71":{"start":{"line":241,"column":4},"end":{"line":245,"column":5}},"72":{"start":{"line":242,"column":6},"end":{"line":244,"column":9}},"73":{"start":{"line":247,"column":4},"end":{"line":247,"column":21}},"74":{"start":{"line":252,"column":13},"end":{"line":252,"column":41}},"75":{"start":{"line":254,"column":2},"end":{"line":258,"column":3}},"76":{"start":{"line":255,"column":4},"end":{"line":257,"column":7}},"77":{"start":{"line":260,"column":2},"end":{"line":284,"column":3}},"78":{"start":{"line":261,"column":17},"end":{"line":273,"column":6}},"79":{"start":{"line":275,"column":4},"end":{"line":275,"column":38}},"80":{"start":{"line":277,"column":4},"end":{"line":281,"column":5}},"81":{"start":{"line":278,"column":6},"end":{"line":280,"column":9}},"82":{"start":{"line":283,"column":4},"end":{"line":283,"column":21}},"83":{"start":{"line":288,"column":20},"end":{"line":288,"column":28}},"84":{"start":{"line":290,"column":2},"end":{"line":294,"column":3}},"85":{"start":{"line":291,"column":4},"end":{"line":293,"column":7}},"86":{"start":{"line":296,"column":21},"end":{"line":296,"column":23}},"87":{"start":{"line":298,"column":2},"end":{"line":314,"column":3}},"88":{"start":{"line":299,"column":29},"end":{"line":299,"column":54}},"89":{"start":{"line":301,"column":4},"end":{"line":306,"column":5}},"90":{"start":{"line":302,"column":6},"end":{"line":305,"column":9}},"91":{"start":{"line":308,"column":4},"end":{"line":313,"column":7}},"92":{"start":{"line":316,"column":2},"end":{"line":329,"column":3}},"93":{"start":{"line":317,"column":19},"end":{"line":320,"column":6}},"94":{"start":{"line":322,"column":4},"end":{"line":326,"column":7}},"95":{"start":{"line":328,"column":4},"end":{"line":328,"column":21}},"96":{"start":{"line":332,"column":0},"end":{"line":339,"column":2}}},"fnMap":{"0":{"name":"create","decl":{"start":{"line":4,"column":15},"end":{"line":4,"column":21}},"loc":{"start":{"line":4,"column":38},"end":{"line":36,"column":1}},"line":4},"1":{"name":"index","decl":{"start":{"line":38,"column":15},"end":{"line":38,"column":20}},"loc":{"start":{"line":38,"column":31},"end":{"line":151,"column":1}},"line":38},"2":{"name":"getOrderBy","decl":{"start":{"line":93,"column":11},"end":{"line":93,"column":21}},"loc":{"start":{"line":93,"column":45},"end":{"line":108,"column":3}},"line":93},"3":{"name":"show","decl":{"start":{"line":153,"column":15},"end":{"line":153,"column":19}},"loc":{"start":{"line":153,"column":36},"end":{"line":199,"column":1}},"line":153},"4":{"name":"update","decl":{"start":{"line":201,"column":15},"end":{"line":201,"column":21}},"loc":{"start":{"line":201,"column":38},"end":{"line":249,"column":1}},"line":201},"5":{"name":"deleteTask","decl":{"start":{"line":251,"column":15},"end":{"line":251,"column":25}},"loc":{"start":{"line":251,"column":42},"end":{"line":285,"column":1}},"line":251},"6":{"name":"bulkCreate","decl":{"start":{"line":287,"column":15},"end":{"line":287,"column":25}},"loc":{"start":{"line":287,"column":42},"end":{"line":330,"column":1}},"line":287}},"branchMap":{"0":{"loc":{"start":{"line":5,"column":2},"end":{"line":5,"column":31}},"type":"if","locations":[{"start":{"line":5,"column":2},"end":{"line":5,"column":31}},{"start":{},"end":{}}],"line":5},"1":{"loc":{"start":{"line":11,"column":2},"end":{"line":16,"column":3}},"type":"if","locations":[{"start":{"line":11,"column":2},"end":{"line":16,"column":3}},{"start":{},"end":{}}],"line":11},"2":{"loc":{"start":{"line":39,"column":15},"end":{"line":39,"column":44}},"type":"binary-expr","locations":[{"start":{"line":39,"column":15},"end":{"line":39,"column":39}},{"start":{"line":39,"column":43},"end":{"line":39,"column":44}}],"line":39},"3":{"loc":{"start":{"line":40,"column":16},"end":{"line":40,"column":47}},"type":"binary-expr","locations":[{"start":{"line":40,"column":16},"end":{"line":40,"column":41}},{"start":{"line":40,"column":45},"end":{"line":40,"column":47}}],"line":40},"4":{"loc":{"start":{"line":42,"column":2},"end":{"line":46,"column":3}},"type":"if","locations":[{"start":{"line":42,"column":2},"end":{"line":46,"column":3}},{"start":{},"end":{}}],"line":42},"5":{"loc":{"start":{"line":42,"column":6},"end":{"line":42,"column":42}},"type":"binary-expr","locations":[{"start":{"line":42,"column":6},"end":{"line":42,"column":14}},{"start":{"line":42,"column":18},"end":{"line":42,"column":27}},{"start":{"line":42,"column":31},"end":{"line":42,"column":42}}],"line":42},"6":{"loc":{"start":{"line":59,"column":2},"end":{"line":64,"column":3}},"type":"if","locations":[{"start":{"line":59,"column":2},"end":{"line":64,"column":3}},{"start":{},"end":{}}],"line":59},"7":{"loc":{"start":{"line":69,"column":2},"end":{"line":71,"column":3}},"type":"if","locations":[{"start":{"line":69,"column":2},"end":{"line":71,"column":3}},{"start":{},"end":{}}],"line":69},"8":{"loc":{"start":{"line":75,"column":2},"end":{"line":77,"column":3}},"type":"if","locations":[{"start":{"line":75,"column":2},"end":{"line":77,"column":3}},{"start":{},"end":{}}],"line":75},"9":{"loc":{"start":{"line":81,"column":2},"end":{"line":91,"column":3}},"type":"if","locations":[{"start":{"line":81,"column":2},"end":{"line":91,"column":3}},{"start":{},"end":{}}],"line":81},"10":{"loc":{"start":{"line":81,"column":6},"end":{"line":81,"column":26}},"type":"binary-expr","locations":[{"start":{"line":81,"column":6},"end":{"line":81,"column":14}},{"start":{"line":81,"column":18},"end":{"line":81,"column":26}}],"line":81},"11":{"loc":{"start":{"line":84,"column":4},"end":{"line":86,"column":5}},"type":"if","locations":[{"start":{"line":84,"column":4},"end":{"line":86,"column":5}},{"start":{},"end":{}}],"line":84},"12":{"loc":{"start":{"line":88,"column":4},"end":{"line":90,"column":5}},"type":"if","locations":[{"start":{"line":88,"column":4},"end":{"line":90,"column":5}},{"start":{},"end":{}}],"line":88},"13":{"loc":{"start":{"line":97,"column":4},"end":{"line":99,"column":5}},"type":"if","locations":[{"start":{"line":97,"column":4},"end":{"line":99,"column":5}},{"start":{},"end":{}}],"line":97},"14":{"loc":{"start":{"line":101,"column":4},"end":{"line":103,"column":5}},"type":"if","locations":[{"start":{"line":101,"column":4},"end":{"line":103,"column":5}},{"start":{},"end":{}}],"line":101},"15":{"loc":{"start":{"line":134,"column":2},"end":{"line":136,"column":3}},"type":"if","locations":[{"start":{"line":134,"column":2},"end":{"line":136,"column":3}},{"start":{},"end":{}}],"line":134},"16":{"loc":{"start":{"line":156,"column":2},"end":{"line":160,"column":3}},"type":"if","locations":[{"start":{"line":156,"column":2},"end":{"line":160,"column":3}},{"start":{},"end":{}}],"line":156},"17":{"loc":{"start":{"line":183,"column":4},"end":{"line":187,"column":5}},"type":"if","locations":[{"start":{"line":183,"column":4},"end":{"line":187,"column":5}},{"start":{},"end":{}}],"line":183},"18":{"loc":{"start":{"line":191,"column":4},"end":{"line":195,"column":5}},"type":"if","locations":[{"start":{"line":191,"column":4},"end":{"line":195,"column":5}},{"start":{},"end":{}}],"line":191},"19":{"loc":{"start":{"line":202,"column":2},"end":{"line":202,"column":31}},"type":"if","locations":[{"start":{"line":202,"column":2},"end":{"line":202,"column":31}},{"start":{},"end":{}}],"line":202},"20":{"loc":{"start":{"line":208,"column":2},"end":{"line":212,"column":3}},"type":"if","locations":[{"start":{"line":208,"column":2},"end":{"line":212,"column":3}},{"start":{},"end":{}}],"line":208},"21":{"loc":{"start":{"line":216,"column":2},"end":{"line":220,"column":3}},"type":"if","locations":[{"start":{"line":216,"column":2},"end":{"line":220,"column":3}},{"start":{},"end":{}}],"line":216},"22":{"loc":{"start":{"line":241,"column":4},"end":{"line":245,"column":5}},"type":"if","locations":[{"start":{"line":241,"column":4},"end":{"line":245,"column":5}},{"start":{},"end":{}}],"line":241},"23":{"loc":{"start":{"line":254,"column":2},"end":{"line":258,"column":3}},"type":"if","locations":[{"start":{"line":254,"column":2},"end":{"line":258,"column":3}},{"start":{},"end":{}}],"line":254},"24":{"loc":{"start":{"line":277,"column":4},"end":{"line":281,"column":5}},"type":"if","locations":[{"start":{"line":277,"column":4},"end":{"line":281,"column":5}},{"start":{},"end":{}}],"line":277},"25":{"loc":{"start":{"line":290,"column":2},"end":{"line":294,"column":3}},"type":"if","locations":[{"start":{"line":290,"column":2},"end":{"line":294,"column":3}},{"start":{},"end":{}}],"line":290},"26":{"loc":{"start":{"line":290,"column":6},"end":{"line":290,"column":59}},"type":"binary-expr","locations":[{"start":{"line":290,"column":6},"end":{"line":290,"column":12}},{"start":{"line":290,"column":16},"end":{"line":290,"column":37}},{"start":{"line":290,"column":41},"end":{"line":290,"column":59}}],"line":290},"27":{"loc":{"start":{"line":301,"column":4},"end":{"line":306,"column":5}},"type":"if","locations":[{"start":{"line":301,"column":4},"end":{"line":306,"column":5}},{"start":{},"end":{}}],"line":301},"28":{"loc":{"start":{"line":310,"column":19},"end":{"line":310,"column":45}},"type":"binary-expr","locations":[{"start":{"line":310,"column":19},"end":{"line":310,"column":36}},{"start":{"line":310,"column":40},"end":{"line":310,"column":45}}],"line":310},"29":{"loc":{"start":{"line":311,"column":16},"end":{"line":311,"column":42}},"type":"binary-expr","locations":[{"start":{"line":311,"column":16},"end":{"line":311,"column":30}},{"start":{"line":311,"column":34},"end":{"line":311,"column":42}}],"line":311}},"s":{"0":2,"1":2,"2":3,"3":0,"4":3,"5":3,"6":0,"7":3,"8":3,"9":1,"10":2,"11":4,"12":4,"13":4,"14":0,"15":4,"16":4,"17":4,"18":4,"19":3,"20":3,"21":0,"22":3,"23":3,"24":3,"25":0,"26":3,"27":3,"28":0,"29":3,"30":3,"31":0,"32":0,"33":0,"34":0,"35":0,"36":3,"37":3,"38":3,"39":3,"40":3,"41":3,"42":3,"43":3,"44":3,"45":3,"46":1,"47":2,"48":2,"49":3,"50":3,"51":0,"52":3,"53":3,"54":3,"55":2,"56":1,"57":0,"58":0,"59":0,"60":2,"61":0,"62":2,"63":2,"64":0,"65":2,"66":2,"67":0,"68":2,"69":2,"70":1,"71":1,"72":1,"73":0,"74":2,"75":2,"76":0,"77":2,"78":2,"79":1,"80":1,"81":1,"82":0,"83":0,"84":0,"85":0,"86":0,"87":0,"88":0,"89":0,"90":0,"91":0,"92":0,"93":0,"94":0,"95":0,"96":2},"f":{"0":3,"1":4,"2":3,"3":3,"4":2,"5":2,"6":0},"b":{"0":[0,3],"1":[0,3],"2":[4,4],"3":[4,4],"4":[0,4],"5":[4,4,4],"6":[0,3],"7":[0,3],"8":[0,3],"9":[0,3],"10":[3,3],"11":[0,0],"12":[0,0],"13":[3,0],"14":[3,0],"15":[1,2],"16":[0,3],"17":[2,1],"18":[0,0],"19":[0,2],"20":[0,2],"21":[0,2],"22":[1,0],"23":[0,2],"24":[1,0],"25":[0,0],"26":[0,0,0],"27":[0,0],"28":[0,0],"29":[0,0]},"_coverageSchema":"1a1c01bbd47fc00a2c39e90264f33305004495a9","hash":"ecbc4c4eae89bd3a89eeb5e3b75576bbe3914b51"}
,"/Users/eddie/Desktop/projects/node-homework/controllers/userController.js": {"path":"/Users/eddie/Desktop/projects/node-homework/controllers/userController.js","statementMap":{"0":{"start":{"line":1,"column":15},"end":{"line":1,"column":32}},"1":{"start":{"line":2,"column":23},"end":{"line":2,"column":40}},"2":{"start":{"line":4,"column":13},"end":{"line":4,"column":28}},"3":{"start":{"line":5,"column":15},"end":{"line":5,"column":44}},"4":{"start":{"line":7,"column":12},"end":{"line":7,"column":35}},"5":{"start":{"line":9,"column":15},"end":{"line":9,"column":41}},"6":{"start":{"line":11,"column":23},"end":{"line":11,"column":58}},"7":{"start":{"line":14,"column":15},"end":{"line":14,"column":53}},"8":{"start":{"line":15,"column":21},"end":{"line":15,"column":53}},"9":{"start":{"line":16,"column":2},"end":{"line":16,"column":49}},"10":{"start":{"line":20,"column":2},"end":{"line":20,"column":32}},"11":{"start":{"line":20,"column":19},"end":{"line":20,"column":32}},"12":{"start":{"line":21,"column":22},"end":{"line":21,"column":43}},"13":{"start":{"line":22,"column":20},"end":{"line":22,"column":43}},"14":{"start":{"line":23,"column":21},"end":{"line":23,"column":58}},"15":{"start":{"line":24,"column":2},"end":{"line":24,"column":55}},"16":{"start":{"line":27,"column":20},"end":{"line":33,"column":1}},"17":{"start":{"line":28,"column":2},"end":{"line":32,"column":4}},"18":{"start":{"line":35,"column":21},"end":{"line":41,"column":1}},"19":{"start":{"line":36,"column":18},"end":{"line":36,"column":58}},"20":{"start":{"line":37,"column":16},"end":{"line":37,"column":78}},"21":{"start":{"line":39,"column":2},"end":{"line":39,"column":69}},"22":{"start":{"line":40,"column":2},"end":{"line":40,"column":27}},"23":{"start":{"line":44,"column":2},"end":{"line":44,"column":31}},"24":{"start":{"line":44,"column":17},"end":{"line":44,"column":31}},"25":{"start":{"line":46,"column":27},"end":{"line":48,"column":4}},"26":{"start":{"line":50,"column":2},"end":{"line":55,"column":3}},"27":{"start":{"line":51,"column":4},"end":{"line":54,"column":7}},"28":{"start":{"line":57,"column":2},"end":{"line":57,"column":60}},"29":{"start":{"line":58,"column":2},"end":{"line":58,"column":24}},"30":{"start":{"line":60,"column":42},"end":{"line":60,"column":47}},"31":{"start":{"line":62,"column":2},"end":{"line":125,"column":3}},"32":{"start":{"line":63,"column":19},"end":{"line":105,"column":6}},"33":{"start":{"line":64,"column":22},"end":{"line":67,"column":8}},"34":{"start":{"line":69,"column":30},"end":{"line":85,"column":7}},"35":{"start":{"line":86,"column":6},"end":{"line":86,"column":58}},"36":{"start":{"line":88,"column":27},"end":{"line":102,"column":8}},"37":{"start":{"line":92,"column":43},"end":{"line":92,"column":50}},"38":{"start":{"line":104,"column":6},"end":{"line":104,"column":45}},"39":{"start":{"line":107,"column":22},"end":{"line":107,"column":57}},"40":{"start":{"line":109,"column":4},"end":{"line":116,"column":7}},"41":{"start":{"line":118,"column":4},"end":{"line":118,"column":11}},"42":{"start":{"line":120,"column":4},"end":{"line":124,"column":5}},"43":{"start":{"line":121,"column":6},"end":{"line":121,"column":73}},"44":{"start":{"line":123,"column":6},"end":{"line":123,"column":23}},"45":{"start":{"line":129,"column":30},"end":{"line":129,"column":38}},"46":{"start":{"line":131,"column":26},"end":{"line":131,"column":45}},"47":{"start":{"line":132,"column":15},"end":{"line":139,"column":4}},"48":{"start":{"line":141,"column":2},"end":{"line":143,"column":3}},"49":{"start":{"line":142,"column":4},"end":{"line":142,"column":34}},"50":{"start":{"line":144,"column":26},"end":{"line":144,"column":78}},"51":{"start":{"line":145,"column":2},"end":{"line":147,"column":3}},"52":{"start":{"line":146,"column":4},"end":{"line":146,"column":34}},"53":{"start":{"line":148,"column":15},"end":{"line":148,"column":24}},"54":{"start":{"line":150,"column":20},"end":{"line":150,"column":48}},"55":{"start":{"line":152,"column":2},"end":{"line":157,"column":5}},"56":{"start":{"line":161,"column":2},"end":{"line":161,"column":43}},"57":{"start":{"line":162,"column":2},"end":{"line":162,"column":25}},"58":{"start":{"line":166,"column":17},"end":{"line":166,"column":40}},"59":{"start":{"line":168,"column":2},"end":{"line":170,"column":3}},"60":{"start":{"line":169,"column":4},"end":{"line":169,"column":62}},"61":{"start":{"line":172,"column":15},"end":{"line":191,"column":4}},"62":{"start":{"line":192,"column":2},"end":{"line":194,"column":3}},"63":{"start":{"line":193,"column":4},"end":{"line":193,"column":63}},"64":{"start":{"line":196,"column":2},"end":{"line":196,"column":29}},"65":{"start":{"line":199,"column":0},"end":{"line":204,"column":2}}},"fnMap":{"0":{"name":"hashPassword","decl":{"start":{"line":13,"column":15},"end":{"line":13,"column":27}},"loc":{"start":{"line":13,"column":38},"end":{"line":17,"column":1}},"line":13},"1":{"name":"comparePassword","decl":{"start":{"line":19,"column":15},"end":{"line":19,"column":30}},"loc":{"start":{"line":19,"column":58},"end":{"line":25,"column":1}},"line":19},"2":{"name":"(anonymous_2)","decl":{"start":{"line":27,"column":20},"end":{"line":27,"column":21}},"loc":{"start":{"line":27,"column":29},"end":{"line":33,"column":1}},"line":27},"3":{"name":"(anonymous_3)","decl":{"start":{"line":35,"column":21},"end":{"line":35,"column":22}},"loc":{"start":{"line":35,"column":41},"end":{"line":41,"column":1}},"line":35},"4":{"name":"register","decl":{"start":{"line":43,"column":15},"end":{"line":43,"column":23}},"loc":{"start":{"line":43,"column":40},"end":{"line":126,"column":1}},"line":43},"5":{"name":"(anonymous_5)","decl":{"start":{"line":63,"column":45},"end":{"line":63,"column":46}},"loc":{"start":{"line":63,"column":59},"end":{"line":105,"column":5}},"line":63},"6":{"name":"(anonymous_6)","decl":{"start":{"line":92,"column":36},"end":{"line":92,"column":37}},"loc":{"start":{"line":92,"column":43},"end":{"line":92,"column":50}},"line":92},"7":{"name":"logon","decl":{"start":{"line":128,"column":15},"end":{"line":128,"column":20}},"loc":{"start":{"line":128,"column":31},"end":{"line":158,"column":1}},"line":128},"8":{"name":"logoff","decl":{"start":{"line":160,"column":9},"end":{"line":160,"column":15}},"loc":{"start":{"line":160,"column":26},"end":{"line":163,"column":1}},"line":160},"9":{"name":"show","decl":{"start":{"line":165,"column":15},"end":{"line":165,"column":19}},"loc":{"start":{"line":165,"column":30},"end":{"line":197,"column":1}},"line":165}},"branchMap":{"0":{"loc":{"start":{"line":20,"column":2},"end":{"line":20,"column":32}},"type":"if","locations":[{"start":{"line":20,"column":2},"end":{"line":20,"column":32}},{"start":{},"end":{}}],"line":20},"1":{"loc":{"start":{"line":44,"column":2},"end":{"line":44,"column":31}},"type":"if","locations":[{"start":{"line":44,"column":2},"end":{"line":44,"column":31}},{"start":{},"end":{}}],"line":44},"2":{"loc":{"start":{"line":50,"column":2},"end":{"line":55,"column":3}},"type":"if","locations":[{"start":{"line":50,"column":2},"end":{"line":55,"column":3}},{"start":{},"end":{}}],"line":50},"3":{"loc":{"start":{"line":120,"column":4},"end":{"line":124,"column":5}},"type":"if","locations":[{"start":{"line":120,"column":4},"end":{"line":124,"column":5}},{"start":{"line":122,"column":11},"end":{"line":124,"column":5}}],"line":120},"4":{"loc":{"start":{"line":141,"column":2},"end":{"line":143,"column":3}},"type":"if","locations":[{"start":{"line":141,"column":2},"end":{"line":143,"column":3}},{"start":{},"end":{}}],"line":141},"5":{"loc":{"start":{"line":145,"column":2},"end":{"line":147,"column":3}},"type":"if","locations":[{"start":{"line":145,"column":2},"end":{"line":147,"column":3}},{"start":{},"end":{}}],"line":145},"6":{"loc":{"start":{"line":168,"column":2},"end":{"line":170,"column":3}},"type":"if","locations":[{"start":{"line":168,"column":2},"end":{"line":170,"column":3}},{"start":{},"end":{}}],"line":168},"7":{"loc":{"start":{"line":192,"column":2},"end":{"line":194,"column":3}},"type":"if","locations":[{"start":{"line":192,"column":2},"end":{"line":194,"column":3}},{"start":{},"end":{}}],"line":192}},"s":{"0":2,"1":2,"2":2,"3":2,"4":2,"5":2,"6":2,"7":3,"8":3,"9":3,"10":3,"11":0,"12":3,"13":3,"14":3,"15":3,"16":2,"17":6,"18":2,"19":4,"20":4,"21":4,"22":4,"23":3,"24":0,"25":3,"26":3,"27":0,"28":3,"29":3,"30":3,"31":3,"32":3,"33":3,"34":2,"35":2,"36":2,"37":6,"38":2,"39":2,"40":2,"41":2,"42":1,"43":1,"44":0,"45":3,"46":3,"47":3,"48":3,"49":0,"50":3,"51":3,"52":1,"53":2,"54":2,"55":2,"56":2,"57":2,"58":0,"59":0,"60":0,"61":0,"62":0,"63":0,"64":0,"65":2},"f":{"0":3,"1":3,"2":6,"3":4,"4":3,"5":3,"6":6,"7":3,"8":2,"9":0},"b":{"0":[0,3],"1":[0,3],"2":[0,3],"3":[1,0],"4":[0,3],"5":[1,2],"6":[0,0],"7":[0,0]},"_coverageSchema":"1a1c01bbd47fc00a2c39e90264f33305004495a9","hash":"c53b0aba3f9a4fcffbcccfc6acbacdd5682045b3"}
,"/Users/eddie/Desktop/projects/node-homework/db/prisma.js": {"path":"/Users/eddie/Desktop/projects/node-homework/db/prisma.js","statementMap":{"0":{"start":{"line":1,"column":25},"end":{"line":1,"column":50}},"1":{"start":{"line":4,"column":0},"end":{"line":11,"column":1}},"2":{"start":{"line":8,"column":2},"end":{"line":8,"column":28}},"3":{"start":{"line":10,"column":2},"end":{"line":10,"column":12}},"4":{"start":{"line":13,"column":15},"end":{"line":13,"column":37}},"5":{"start":{"line":15,"column":0},"end":{"line":15,"column":24}}},"fnMap":{},"branchMap":{"0":{"loc":{"start":{"line":4,"column":0},"end":{"line":11,"column":1}},"type":"if","locations":[{"start":{"line":4,"column":0},"end":{"line":11,"column":1}},{"start":{"line":9,"column":7},"end":{"line":11,"column":1}}],"line":4},"1":{"loc":{"start":{"line":5,"column":2},"end":{"line":6,"column":40}},"type":"binary-expr","locations":[{"start":{"line":5,"column":2},"end":{"line":5,"column":23}},{"start":{"line":6,"column":2},"end":{"line":6,"column":40}}],"line":5}},"s":{"0":3,"1":3,"2":0,"3":3,"4":3,"5":3},"f":{},"b":{"0":[0,3],"1":[3,3]},"_coverageSchema":"1a1c01bbd47fc00a2c39e90264f33305004495a9","hash":"e688eb153212c8d0b1e07c4b4d580ffe2df6c71d"}
,"/Users/eddie/Desktop/projects/node-homework/middleware/error-handler.js": {"path":"/Users/eddie/Desktop/projects/node-homework/middleware/error-handler.js","statementMap":{"0":{"start":{"line":2,"column":2},"end":{"line":4,"column":3}},"1":{"start":{"line":3,"column":4},"end":{"line":3,"column":70}},"2":{"start":{"line":6,"column":2},"end":{"line":6,"column":21}},"3":{"start":{"line":7,"column":2},"end":{"line":9,"column":5}},"4":{"start":{"line":12,"column":0},"end":{"line":12,"column":30}}},"fnMap":{"0":{"name":"errorHandler","decl":{"start":{"line":1,"column":9},"end":{"line":1,"column":21}},"loc":{"start":{"line":1,"column":43},"end":{"line":10,"column":1}},"line":1}},"branchMap":{"0":{"loc":{"start":{"line":2,"column":2},"end":{"line":4,"column":3}},"type":"if","locations":[{"start":{"line":2,"column":2},"end":{"line":4,"column":3}},{"start":{},"end":{}}],"line":2}},"s":{"0":0,"1":0,"2":0,"3":0,"4":1},"f":{"0":0},"b":{"0":[0,0]},"_coverageSchema":"1a1c01bbd47fc00a2c39e90264f33305004495a9","hash":"7e17b9f7aa8190471ec6ce9c97c6cf6e3d3d9d21"}
,"/Users/eddie/Desktop/projects/node-homework/middleware/jwtMiddleware.js": {"path":"/Users/eddie/Desktop/projects/node-homework/middleware/jwtMiddleware.js","statementMap":{"0":{"start":{"line":1,"column":12},"end":{"line":1,"column":35}},"1":{"start":{"line":2,"column":24},"end":{"line":2,"column":52}},"2":{"start":{"line":4,"column":16},"end":{"line":8,"column":1}},"3":{"start":{"line":5,"column":2},"end":{"line":7,"column":52}},"4":{"start":{"line":10,"column":0},"end":{"line":27,"column":2}},"5":{"start":{"line":11,"column":16},"end":{"line":11,"column":33}},"6":{"start":{"line":12,"column":2},"end":{"line":14,"column":3}},"7":{"start":{"line":13,"column":4},"end":{"line":13,"column":24}},"8":{"start":{"line":15,"column":2},"end":{"line":26,"column":5}},"9":{"start":{"line":16,"column":4},"end":{"line":18,"column":5}},"10":{"start":{"line":17,"column":6},"end":{"line":17,"column":26}},"11":{"start":{"line":19,"column":4},"end":{"line":19,"column":34}},"12":{"start":{"line":20,"column":4},"end":{"line":24,"column":5}},"13":{"start":{"line":21,"column":6},"end":{"line":23,"column":7}},"14":{"start":{"line":22,"column":8},"end":{"line":22,"column":28}},"15":{"start":{"line":25,"column":4},"end":{"line":25,"column":11}}},"fnMap":{"0":{"name":"(anonymous_0)","decl":{"start":{"line":4,"column":16},"end":{"line":4,"column":17}},"loc":{"start":{"line":4,"column":25},"end":{"line":8,"column":1}},"line":4},"1":{"name":"(anonymous_1)","decl":{"start":{"line":10,"column":17},"end":{"line":10,"column":18}},"loc":{"start":{"line":10,"column":43},"end":{"line":27,"column":1}},"line":10},"2":{"name":"(anonymous_2)","decl":{"start":{"line":15,"column":44},"end":{"line":15,"column":45}},"loc":{"start":{"line":15,"column":62},"end":{"line":26,"column":3}},"line":15}},"branchMap":{"0":{"loc":{"start":{"line":12,"column":2},"end":{"line":14,"column":3}},"type":"if","locations":[{"start":{"line":12,"column":2},"end":{"line":14,"column":3}},{"start":{},"end":{}}],"line":12},"1":{"loc":{"start":{"line":16,"column":4},"end":{"line":18,"column":5}},"type":"if","locations":[{"start":{"line":16,"column":4},"end":{"line":18,"column":5}},{"start":{},"end":{}}],"line":16},"2":{"loc":{"start":{"line":20,"column":4},"end":{"line":24,"column":5}},"type":"if","locations":[{"start":{"line":20,"column":4},"end":{"line":24,"column":5}},{"start":{},"end":{}}],"line":20},"3":{"loc":{"start":{"line":21,"column":6},"end":{"line":23,"column":7}},"type":"if","locations":[{"start":{"line":21,"column":6},"end":{"line":23,"column":7}},{"start":{},"end":{}}],"line":21}},"s":{"0":2,"1":2,"2":2,"3":4,"4":2,"5":7,"6":7,"7":2,"8":5,"9":5,"10":1,"11":4,"12":4,"13":3,"14":1,"15":3},"f":{"0":4,"1":7,"2":5},"b":{"0":[2,5],"1":[1,4],"2":[3,1],"3":[1,2]},"_coverageSchema":"1a1c01bbd47fc00a2c39e90264f33305004495a9","hash":"b950f275880dd841919f01601e2146130a27c2df"}
,"/Users/eddie/Desktop/projects/node-homework/middleware/not-found.js": {"path":"/Users/eddie/Desktop/projects/node-homework/middleware/not-found.js","statementMap":{"0":{"start":{"line":2,"column":2},"end":{"line":4,"column":5}},"1":{"start":{"line":7,"column":0},"end":{"line":7,"column":26}}},"fnMap":{"0":{"name":"notFound","decl":{"start":{"line":1,"column":9},"end":{"line":1,"column":17}},"loc":{"start":{"line":1,"column":34},"end":{"line":5,"column":1}},"line":1}},"branchMap":{},"s":{"0":0,"1":1},"f":{"0":0},"b":{},"_coverageSchema":"1a1c01bbd47fc00a2c39e90264f33305004495a9","hash":"6034c9bf254cf8028c2dbe2a083762884cc7230a"}
,"/Users/eddie/Desktop/projects/node-homework/routes/analyticsRoutes.js": {"path":"/Users/eddie/Desktop/projects/node-homework/routes/analyticsRoutes.js","statementMap":{"0":{"start":{"line":1,"column":16},"end":{"line":1,"column":34}},"1":{"start":{"line":2,"column":15},"end":{"line":2,"column":31}},"2":{"start":{"line":3,"column":22},"end":{"line":3,"column":60}},"3":{"start":{"line":5,"column":28},"end":{"line":5,"column":73}},"4":{"start":{"line":6,"column":0},"end":{"line":6,"column":26}},"5":{"start":{"line":8,"column":0},"end":{"line":8,"column":63}},"6":{"start":{"line":9,"column":0},"end":{"line":9,"column":60}},"7":{"start":{"line":10,"column":0},"end":{"line":10,"column":61}},"8":{"start":{"line":12,"column":0},"end":{"line":12,"column":24}}},"fnMap":{},"branchMap":{},"s":{"0":1,"1":1,"2":1,"3":1,"4":1,"5":1,"6":1,"7":1,"8":1},"f":{},"b":{},"_coverageSchema":"1a1c01bbd47fc00a2c39e90264f33305004495a9","hash":"3f2e78bbd8f68be62b26620a921c3f06a8195e45"}
,"/Users/eddie/Desktop/projects/node-homework/routes/taskRoutes.js": {"path":"/Users/eddie/Desktop/projects/node-homework/routes/taskRoutes.js","statementMap":{"0":{"start":{"line":1,"column":16},"end":{"line":1,"column":34}},"1":{"start":{"line":2,"column":15},"end":{"line":2,"column":31}},"2":{"start":{"line":3,"column":22},"end":{"line":3,"column":60}},"3":{"start":{"line":5,"column":23},"end":{"line":5,"column":63}},"4":{"start":{"line":6,"column":0},"end":{"line":6,"column":26}},"5":{"start":{"line":8,"column":0},"end":{"line":8,"column":38}},"6":{"start":{"line":9,"column":0},"end":{"line":9,"column":40}},"7":{"start":{"line":11,"column":0},"end":{"line":11,"column":48}},"8":{"start":{"line":13,"column":0},"end":{"line":13,"column":40}},"9":{"start":{"line":14,"column":0},"end":{"line":14,"column":44}},"10":{"start":{"line":15,"column":0},"end":{"line":15,"column":49}},"11":{"start":{"line":17,"column":0},"end":{"line":17,"column":24}}},"fnMap":{},"branchMap":{},"s":{"0":1,"1":1,"2":1,"3":1,"4":1,"5":1,"6":1,"7":1,"8":1,"9":1,"10":1,"11":1},"f":{},"b":{},"_coverageSchema":"1a1c01bbd47fc00a2c39e90264f33305004495a9","hash":"f2eff30dbd2aabcdccfe319c798cdcb69c9b4723"}
,"/Users/eddie/Desktop/projects/node-homework/routes/userRoutes.js": {"path":"/Users/eddie/Desktop/projects/node-homework/routes/userRoutes.js","statementMap":{"0":{"start":{"line":1,"column":16},"end":{"line":1,"column":34}},"1":{"start":{"line":2,"column":23},"end":{"line":2,"column":63}},"2":{"start":{"line":4,"column":15},"end":{"line":4,"column":31}},"3":{"start":{"line":5,"column":22},"end":{"line":5,"column":60}},"4":{"start":{"line":7,"column":0},"end":{"line":7,"column":50}},"5":{"start":{"line":8,"column":0},"end":{"line":8,"column":44}},"6":{"start":{"line":10,"column":0},"end":{"line":10,"column":26}},"7":{"start":{"line":12,"column":0},"end":{"line":12,"column":46}},"8":{"start":{"line":14,"column":0},"end":{"line":14,"column":24}}},"fnMap":{},"branchMap":{},"s":{"0":1,"1":1,"2":1,"3":1,"4":1,"5":1,"6":1,"7":1,"8":1},"f":{},"b":{},"_coverageSchema":"1a1c01bbd47fc00a2c39e90264f33305004495a9","hash":"43eed79ea1f0fb418a73399f73ef270662d1e783"}
,"/Users/eddie/Desktop/projects/node-homework/test/waitForRouteHandlerCompletion.js": {"path":"/Users/eddie/Desktop/projects/node-homework/test/waitForRouteHandlerCompletion.js","statementMap":{"0":{"start":{"line":1,"column":38},"end":{"line":15,"column":1}},"1":{"start":{"line":3,"column":18},"end":{"line":11,"column":4}},"2":{"start":{"line":4,"column":4},"end":{"line":7,"column":7}},"3":{"start":{"line":5,"column":6},"end":{"line":5,"column":38}},"4":{"start":{"line":5,"column":17},"end":{"line":5,"column":38}},"5":{"start":{"line":6,"column":6},"end":{"line":6,"column":16}},"6":{"start":{"line":8,"column":4},"end":{"line":10,"column":7}},"7":{"start":{"line":9,"column":6},"end":{"line":9,"column":16}},"8":{"start":{"line":12,"column":2},"end":{"line":12,"column":29}},"9":{"start":{"line":13,"column":2},"end":{"line":13,"column":16}},"10":{"start":{"line":14,"column":2},"end":{"line":14,"column":14}},"11":{"start":{"line":16,"column":0},"end":{"line":16,"column":47}}},"fnMap":{"0":{"name":"(anonymous_0)","decl":{"start":{"line":1,"column":38},"end":{"line":1,"column":39}},"loc":{"start":{"line":1,"column":64},"end":{"line":15,"column":1}},"line":1},"1":{"name":"(anonymous_1)","decl":{"start":{"line":3,"column":30},"end":{"line":3,"column":31}},"loc":{"start":{"line":3,"column":51},"end":{"line":11,"column":3}},"line":3},"2":{"name":"(anonymous_2)","decl":{"start":{"line":4,"column":19},"end":{"line":4,"column":20}},"loc":{"start":{"line":4,"column":30},"end":{"line":7,"column":5}},"line":4},"3":{"name":"(anonymous_3)","decl":{"start":{"line":8,"column":21},"end":{"line":8,"column":22}},"loc":{"start":{"line":8,"column":27},"end":{"line":10,"column":5}},"line":8}},"branchMap":{"0":{"loc":{"start":{"line":5,"column":6},"end":{"line":5,"column":38}},"type":"if","locations":[{"start":{"line":5,"column":6},"end":{"line":5,"column":38}},{"start":{},"end":{}}],"line":5}},"s":{"0":3,"1":22,"2":22,"3":3,"4":2,"5":1,"6":22,"7":18,"8":22,"9":21,"10":19,"11":3},"f":{"0":22,"1":22,"2":3,"3":18},"b":{"0":[2,1]},"_coverageSchema":"1a1c01bbd47fc00a2c39e90264f33305004495a9","hash":"93e70781c0bbe6ac5d5954d4100184be07b7554c"}
,"/Users/eddie/Desktop/projects/node-homework/validation/taskSchema.js": {"path":"/Users/eddie/Desktop/projects/node-homework/validation/taskSchema.js","statementMap":{"0":{"start":{"line":1,"column":12},"end":{"line":1,"column":26}},"1":{"start":{"line":3,"column":19},"end":{"line":7,"column":2}},"2":{"start":{"line":9,"column":24},"end":{"line":13,"column":2}},"3":{"start":{"line":15,"column":0},"end":{"line":15,"column":49}}},"fnMap":{},"branchMap":{},"s":{"0":3,"1":3,"2":3,"3":3},"f":{},"b":{},"_coverageSchema":"1a1c01bbd47fc00a2c39e90264f33305004495a9","hash":"2a0709f096c299f05c904b0e40c0f9d38254356e"}
,"/Users/eddie/Desktop/projects/node-homework/validation/userSchema.js": {"path":"/Users/eddie/Desktop/projects/node-homework/validation/userSchema.js","statementMap":{"0":{"start":{"line":1,"column":12},"end":{"line":1,"column":26}},"1":{"start":{"line":3,"column":19},"end":{"line":15,"column":2}},"2":{"start":{"line":17,"column":0},"end":{"line":17,"column":32}}},"fnMap":{},"branchMap":{},"s":{"0":3,"1":3,"2":3},"f":{},"b":{},"_coverageSchema":"1a1c01bbd47fc00a2c39e90264f33305004495a9","hash":"65f266b04f5305b6925d333624436144a415ae4a"}
}
