TN:
SF:app.js
FN:29,(anonymous_0)
FN:55,(anonymous_1)
FN:59,(anonymous_2)
FN:70,shutdown
FN:77,(anonymous_4)
FN:78,(anonymous_5)
FN:94,(anonymous_6)
FN:95,(anonymous_7)
FNF:8
FNH:1
FNDA:0,(anonymous_0)
FNDA:1,(anonymous_1)
FNDA:0,(anonymous_2)
FNDA:0,shutdown
FNDA:0,(anonymous_4)
FNDA:0,(anonymous_5)
FNDA:0,(anonymous_6)
FNDA:0,(anonymous_7)
DA:1,1
DA:3,1
DA:4,1
DA:5,1
DA:6,1
DA:7,1
DA:8,1
DA:10,1
DA:12,1
DA:13,1
DA:14,1
DA:15,1
DA:17,1
DA:23,1
DA:25,1
DA:26,1
DA:27,1
DA:29,1
DA:30,0
DA:31,0
DA:32,0
DA:34,0
DA:42,1
DA:44,1
DA:45,1
DA:47,1
DA:48,1
DA:50,1
DA:51,1
DA:53,1
DA:55,1
DA:56,1
DA:59,1
DA:60,0
DA:61,0
DA:63,0
DA:65,0
DA:68,1
DA:71,0
DA:72,0
DA:74,0
DA:76,0
DA:77,0
DA:78,0
DA:79,0
DA:80,0
DA:83,0
DA:84,0
DA:85,0
DA:87,0
DA:88,0
DA:90,0
DA:94,1
DA:95,1
DA:97,1
LF:55
LH:33
BRDA:53,0,0,1
BRDA:53,0,1,1
BRDA:60,1,0,0
BRDA:60,1,1,0
BRDA:70,2,0,0
BRDA:71,3,0,0
BRDA:71,3,1,0
BRDA:79,4,0,0
BRDA:79,4,1,0
BRF:9
BRH:2
end_of_record
TN:
SF:controllers/analyticsController.js
FN:3,getUserAnalytics
FN:83,getUsersWithStats
FN:114,(anonymous_2)
FN:147,searchTasks
FNF:4
FNH:0
FNDA:0,getUserAnalytics
FNDA:0,getUsersWithStats
FNDA:0,(anonymous_2)
FNDA:0,searchTasks
DA:1,1
DA:4,0
DA:6,0
DA:7,0
DA:10,0
DA:31,0
DA:32,0
DA:35,0
DA:43,0
DA:62,0
DA:63,0
DA:65,0
DA:76,0
DA:84,0
DA:85,0
DA:86,0
DA:88,0
DA:89,0
DA:94,0
DA:96,0
DA:114,0
DA:123,0
DA:125,0
DA:134,0
DA:139,0
DA:141,0
DA:148,0
DA:150,0
DA:151,0
DA:156,0
DA:158,0
DA:159,0
DA:160,0
DA:162,0
DA:188,0
DA:195,1
LF:36
LH:2
BRDA:6,0,0,0
BRDA:6,0,1,0
BRDA:31,1,0,0
BRDA:31,1,1,0
BRDA:85,2,0,0
BRDA:85,2,1,0
BRDA:86,3,0,0
BRDA:86,3,1,0
BRDA:88,4,0,0
BRDA:88,4,1,0
BRDA:88,5,0,0
BRDA:88,5,1,0
BRDA:88,5,2,0
BRDA:150,6,0,0
BRDA:150,6,1,0
BRDA:150,7,0,0
BRDA:150,7,1,0
BRDA:156,8,0,0
BRDA:156,8,1,0
BRF:19
BRH:0
end_of_record
TN:
SF:controllers/taskController.js
FN:4,create
FN:38,index
FN:93,getOrderBy
FN:153,show
FN:201,update
FN:251,deleteTask
FN:287,bulkCreate
FNF:7
FNH:6
FNDA:3,create
FNDA:4,index
FNDA:3,getOrderBy
FNDA:3,show
FNDA:2,update
FNDA:2,deleteTask
FNDA:0,bulkCreate
DA:1,2
DA:2,2
DA:5,3
DA:7,3
DA:11,3
DA:12,0
DA:18,3
DA:19,3
DA:32,1
DA:34,2
DA:39,4
DA:40,4
DA:42,4
DA:43,0
DA:48,4
DA:50,4
DA:51,4
DA:53,4
DA:57,3
DA:59,3
DA:60,0
DA:66,3
DA:67,3
DA:69,3
DA:70,0
DA:73,3
DA:75,3
DA:76,0
DA:79,3
DA:81,3
DA:82,0
DA:84,0
DA:85,0
DA:88,0
DA:89,0
DA:94,3
DA:95,3
DA:97,3
DA:98,3
DA:101,3
DA:102,3
DA:105,3
DA:110,3
DA:130,3
DA:134,3
DA:135,1
DA:138,2
DA:147,2
DA:154,3
DA:156,3
DA:157,0
DA:162,3
DA:163,3
DA:183,3
DA:184,2
DA:189,1
DA:191,0
DA:192,0
DA:197,0
DA:202,2
DA:204,2
DA:208,2
DA:209,0
DA:214,2
DA:216,2
DA:217,0
DA:222,2
DA:223,2
DA:239,1
DA:241,1
DA:242,1
DA:247,0
DA:252,2
DA:254,2
DA:255,0
DA:260,2
DA:261,2
DA:275,1
DA:277,1
DA:278,1
DA:283,0
DA:288,0
DA:290,0
DA:291,0
DA:296,0
DA:298,0
DA:299,0
DA:301,0
DA:302,0
DA:308,0
DA:316,0
DA:317,0
DA:322,0
DA:328,0
DA:332,2
LF:95
LH:63
BRDA:5,0,0,0
BRDA:5,0,1,3
BRDA:11,1,0,0
BRDA:11,1,1,3
BRDA:39,2,0,4
BRDA:39,2,1,4
BRDA:40,3,0,4
BRDA:40,3,1,4
BRDA:42,4,0,0
BRDA:42,4,1,4
BRDA:42,5,0,4
BRDA:42,5,1,4
BRDA:42,5,2,4
BRDA:59,6,0,0
BRDA:59,6,1,3
BRDA:69,7,0,0
BRDA:69,7,1,3
BRDA:75,8,0,0
BRDA:75,8,1,3
BRDA:81,9,0,0
BRDA:81,9,1,3
BRDA:81,10,0,3
BRDA:81,10,1,3
BRDA:84,11,0,0
BRDA:84,11,1,0
BRDA:88,12,0,0
BRDA:88,12,1,0
BRDA:97,13,0,3
BRDA:97,13,1,0
BRDA:101,14,0,3
BRDA:101,14,1,0
BRDA:134,15,0,1
BRDA:134,15,1,2
BRDA:156,16,0,0
BRDA:156,16,1,3
BRDA:183,17,0,2
BRDA:183,17,1,1
BRDA:191,18,0,0
BRDA:191,18,1,0
BRDA:202,19,0,0
BRDA:202,19,1,2
BRDA:208,20,0,0
BRDA:208,20,1,2
BRDA:216,21,0,0
BRDA:216,21,1,2
BRDA:241,22,0,1
BRDA:241,22,1,0
BRDA:254,23,0,0
BRDA:254,23,1,2
BRDA:277,24,0,1
BRDA:277,24,1,0
BRDA:290,25,0,0
BRDA:290,25,1,0
BRDA:290,26,0,0
BRDA:290,26,1,0
BRDA:290,26,2,0
BRDA:301,27,0,0
BRDA:301,27,1,0
BRDA:310,28,0,0
BRDA:310,28,1,0
BRDA:311,29,0,0
BRDA:311,29,1,0
BRF:62
BRH:29
end_of_record
TN:
SF:controllers/userController.js
FN:13,hashPassword
FN:19,comparePassword
FN:27,(anonymous_2)
FN:35,(anonymous_3)
FN:43,register
FN:63,(anonymous_5)
FN:92,(anonymous_6)
FN:128,logon
FN:160,logoff
FN:165,show
FNF:10
FNH:9
FNDA:3,hashPassword
FNDA:3,comparePassword
FNDA:6,(anonymous_2)
FNDA:4,(anonymous_3)
FNDA:3,register
FNDA:3,(anonymous_5)
FNDA:6,(anonymous_6)
FNDA:3,logon
FNDA:2,logoff
FNDA:0,show
DA:1,2
DA:2,2
DA:4,2
DA:5,2
DA:7,2
DA:9,2
DA:11,2
DA:14,3
DA:15,3
DA:16,3
DA:20,3
DA:21,3
DA:22,3
DA:23,3
DA:24,3
DA:27,2
DA:28,6
DA:35,2
DA:36,4
DA:37,4
DA:39,4
DA:40,4
DA:44,3
DA:46,3
DA:50,3
DA:51,0
DA:57,3
DA:58,3
DA:60,3
DA:62,3
DA:63,3
DA:64,3
DA:69,2
DA:86,2
DA:88,2
DA:92,6
DA:104,2
DA:107,2
DA:109,2
DA:118,2
DA:120,1
DA:121,1
DA:123,0
DA:129,3
DA:131,3
DA:132,3
DA:141,3
DA:142,0
DA:144,3
DA:145,3
DA:146,1
DA:148,2
DA:150,2
DA:152,2
DA:161,2
DA:162,2
DA:166,0
DA:168,0
DA:169,0
DA:172,0
DA:192,0
DA:193,0
DA:196,0
DA:199,2
LF:64
LH:54
BRDA:20,0,0,0
BRDA:20,0,1,3
BRDA:44,1,0,0
BRDA:44,1,1,3
BRDA:50,2,0,0
BRDA:50,2,1,3
BRDA:120,3,0,1
BRDA:120,3,1,0
BRDA:141,4,0,0
BRDA:141,4,1,3
BRDA:145,5,0,1
BRDA:145,5,1,2
BRDA:168,6,0,0
BRDA:168,6,1,0
BRDA:192,7,0,0
BRDA:192,7,1,0
BRF:16
BRH:7
end_of_record
TN:
SF:db/prisma.js
FNF:0
FNH:0
DA:1,3
DA:4,3
DA:8,0
DA:10,3
DA:13,3
DA:15,3
LF:6
LH:5
BRDA:4,0,0,0
BRDA:4,0,1,3
BRDA:5,1,0,3
BRDA:5,1,1,3
BRF:4
BRH:3
end_of_record
TN:
SF:middleware/error-handler.js
FN:1,errorHandler
FNF:1
FNH:0
FNDA:0,errorHandler
DA:2,0
DA:3,0
DA:6,0
DA:7,0
DA:12,1
LF:5
LH:1
BRDA:2,0,0,0
BRDA:2,0,1,0
BRF:2
BRH:0
end_of_record
TN:
SF:middleware/jwtMiddleware.js
FN:4,(anonymous_0)
FN:10,(anonymous_1)
FN:15,(anonymous_2)
FNF:3
FNH:3
FNDA:4,(anonymous_0)
FNDA:7,(anonymous_1)
FNDA:5,(anonymous_2)
DA:1,2
DA:2,2
DA:4,2
DA:5,4
DA:10,2
DA:11,7
DA:12,7
DA:13,2
DA:15,5
DA:16,5
DA:17,1
DA:19,4
DA:20,4
DA:21,3
DA:22,1
DA:25,3
LF:16
LH:16
BRDA:12,0,0,2
BRDA:12,0,1,5
BRDA:16,1,0,1
BRDA:16,1,1,4
BRDA:20,2,0,3
BRDA:20,2,1,1
BRDA:21,3,0,1
BRDA:21,3,1,2
BRF:8
BRH:8
end_of_record
TN:
SF:middleware/not-found.js
FN:1,notFound
FNF:1
FNH:0
FNDA:0,notFound
DA:2,0
DA:7,1
LF:2
LH:1
BRF:0
BRH:0
end_of_record
TN:
SF:routes/analyticsRoutes.js
FNF:0
FNH:0
DA:1,1
DA:2,1
DA:3,1
DA:5,1
DA:6,1
DA:8,1
DA:9,1
DA:10,1
DA:12,1
LF:9
LH:9
BRF:0
BRH:0
end_of_record
TN:
SF:routes/taskRoutes.js
FNF:0
FNH:0
DA:1,1
DA:2,1
DA:3,1
DA:5,1
DA:6,1
DA:8,1
DA:9,1
DA:11,1
DA:13,1
DA:14,1
DA:15,1
DA:17,1
LF:12
LH:12
BRF:0
BRH:0
end_of_record
TN:
SF:routes/userRoutes.js
FNF:0
FNH:0
DA:1,1
DA:2,1
DA:4,1
DA:5,1
DA:7,1
DA:8,1
DA:10,1
DA:12,1
DA:14,1
LF:9
LH:9
BRF:0
BRH:0
end_of_record
TN:
SF:test/waitForRouteHandlerCompletion.js
FN:1,(anonymous_0)
FN:3,(anonymous_1)
FN:4,(anonymous_2)
FN:8,(anonymous_3)
FNF:4
FNH:4
FNDA:22,(anonymous_0)
FNDA:22,(anonymous_1)
FNDA:3,(anonymous_2)
FNDA:18,(anonymous_3)
DA:1,3
DA:3,22
DA:4,22
DA:5,3
DA:6,1
DA:8,22
DA:9,18
DA:12,22
DA:13,21
DA:14,19
DA:16,3
LF:11
LH:11
BRDA:5,0,0,2
BRDA:5,0,1,1
BRF:2
BRH:2
end_of_record
TN:
SF:validation/taskSchema.js
FNF:0
FNH:0
DA:1,3
DA:3,3
DA:9,3
DA:15,3
LF:4
LH:4
BRF:0
BRH:0
end_of_record
TN:
SF:validation/userSchema.js
FNF:0
FNH:0
DA:1,3
DA:3,3
DA:17,3
LF:3
LH:3
BRF:0
BRH:0
end_of_record
